2026-03-22 15:08:15 | INFO     | image_captioning | Prometheus metrics server started on :8001/metrics
2026-03-22 15:08:15 | INFO     | image_captioning | Loading BLIP model from HuggingFace...
2026-03-22 15:08:17 | INFO     | image_captioning | BLIP model loaded successfully
2026-03-22 15:08:23 | WARNING  | image_captioning | Metrics server already running on :8001
2026-03-22 15:08:39 | INFO     | image_captioning | Single image upload | size=11.4KB | session=d74c4388
2026-03-22 15:08:39 | INFO     | image_captioning | Generating caption | mode=single
2026-03-22 15:08:40 | INFO     | image_captioning | Caption generated | mode=single | latency=1.07s | caption='a zebra standing in a field of grass'
2026-03-22 15:09:01 | INFO     | image_captioning | Single image upload | size=6.4KB | session=d74c4388
2026-03-22 15:09:01 | INFO     | image_captioning | Generating caption | mode=single
2026-03-22 15:09:02 | INFO     | image_captioning | Caption generated | mode=single | latency=0.63s | caption='a green field'
2026-03-22 15:09:05 | INFO     | image_captioning | Single image upload | size=7.2KB | session=d74c4388
2026-03-22 15:09:05 | INFO     | image_captioning | Generating caption | mode=single
2026-03-22 15:09:06 | INFO     | image_captioning | Caption generated | mode=single | latency=0.74s | caption='a parrot sitting on a branch'
2026-03-22 15:09:08 | INFO     | image_captioning | Single image upload | size=7.5KB | session=d74c4388
2026-03-22 15:09:08 | INFO     | image_captioning | Generating caption | mode=single
2026-03-22 15:09:09 | INFO     | image_captioning | Caption generated | mode=single | latency=0.83s | caption='a lion walking across a dirt field'
2026-03-22 15:09:12 | INFO     | image_captioning | Single image upload | size=11.1KB | session=d74c4388
2026-03-22 15:09:12 | INFO     | image_captioning | Generating caption | mode=single
2026-03-22 15:09:14 | INFO     | image_captioning | Caption generated | mode=single | latency=1.92s | caption='a gi gi gi gi gi gi gi gi gi gi gi gi gi gi gi gi gi gi gi gi gi gi gi gi gi gi gi'
2026-03-22 15:09:32 | INFO     | image_captioning | Single image upload | size=11.4KB | session=d74c4388
2026-03-22 15:09:32 | INFO     | image_captioning | Generating caption | mode=single
2026-03-22 15:09:33 | INFO     | image_captioning | Caption generated | mode=single | latency=0.79s | caption='an elephant standing in the grass'
2026-03-22 15:10:07 | INFO     | image_captioning | Bulk upload started | total=9 images | session=d74c4388
2026-03-22 15:10:07 | INFO     | image_captioning | Generating caption | mode=bulk
2026-03-22 15:10:09 | INFO     | image_captioning | Caption generated | mode=bulk | latency=2.10s | caption='a gi gi gi gi gi gi gi gi gi gi gi gi gi gi gi gi gi gi gi gi gi gi gi gi gi gi gi'
2026-03-22 15:10:09 | INFO     | image_captioning | Generating caption | mode=bulk
2026-03-22 15:10:10 | INFO     | image_captioning | Caption generated | mode=bulk | latency=0.59s | caption='an elephant standing in the grass'
2026-03-22 15:10:10 | INFO     | image_captioning | Generating caption | mode=bulk
2026-03-22 15:10:10 | INFO     | image_captioning | Caption generated | mode=bulk | latency=0.62s | caption='a lion walking across a dirt field'
2026-03-22 15:10:10 | INFO     | image_captioning | Generating caption | mode=bulk
2026-03-22 15:10:11 | INFO     | image_captioning | Caption generated | mode=bulk | latency=0.53s | caption='a group of deers'
2026-03-22 15:10:11 | INFO     | image_captioning | Generating caption | mode=bulk
2026-03-22 15:10:12 | INFO     | image_captioning | Caption generated | mode=bulk | latency=1.30s | caption='a bob bob bob bob bob bob bob bob bob bob bob bob bob bob bob bob bob bob bob bob'
2026-03-22 15:10:12 | INFO     | image_captioning | Generating caption | mode=bulk
2026-03-22 15:10:13 | INFO     | image_captioning | Caption generated | mode=bulk | latency=0.68s | caption='a rhino and a rhino in a field'
2026-03-22 15:10:13 | INFO     | image_captioning | Generating caption | mode=bulk
2026-03-22 15:10:13 | INFO     | image_captioning | Caption generated | mode=bulk | latency=0.69s | caption='a zebra standing in a field of grass'
2026-03-22 15:10:13 | INFO     | image_captioning | Generating caption | mode=bulk
2026-03-22 15:10:14 | INFO     | image_captioning | Caption generated | mode=bulk | latency=0.45s | caption='a green field'
2026-03-22 15:10:14 | INFO     | image_captioning | Generating caption | mode=bulk
2026-03-22 15:10:14 | INFO     | image_captioning | Caption generated | mode=bulk | latency=0.60s | caption='a parrot sitting on a branch'
2026-03-22 15:10:14 | INFO     | image_captioning | Bulk upload complete | success=9/9 | session=d74c4388
2026-03-22 15:13:47 | INFO     | image_captioning | Bulk upload started | total=9 images | session=d74c4388
2026-03-22 15:13:47 | INFO     | image_captioning | Generating caption | mode=bulk
2026-03-22 15:13:49 | INFO     | image_captioning | Caption generated | mode=bulk | latency=1.92s | caption='a gi gi gi gi gi gi gi gi gi gi gi gi gi gi gi gi gi gi gi gi gi gi gi gi gi gi gi'
2026-03-22 15:13:49 | INFO     | image_captioning | Generating caption | mode=bulk
2026-03-22 15:13:50 | INFO     | image_captioning | Caption generated | mode=bulk | latency=0.61s | caption='an elephant standing in the grass'
2026-03-22 15:13:50 | INFO     | image_captioning | Generating caption | mode=bulk
2026-03-22 15:13:50 | INFO     | image_captioning | Caption generated | mode=bulk | latency=0.64s | caption='a lion walking across a dirt field'
2026-03-22 15:13:50 | INFO     | image_captioning | Generating caption | mode=bulk
2026-03-22 15:13:51 | INFO     | image_captioning | Caption generated | mode=bulk | latency=0.53s | caption='a group of deers'
2026-03-22 15:13:51 | INFO     | image_captioning | Generating caption | mode=bulk
2026-03-22 15:13:52 | INFO     | image_captioning | Caption generated | mode=bulk | latency=1.33s | caption='a bob bob bob bob bob bob bob bob bob bob bob bob bob bob bob bob bob bob bob bob'
2026-03-22 15:13:52 | INFO     | image_captioning | Generating caption | mode=bulk
2026-03-22 15:13:53 | INFO     | image_captioning | Caption generated | mode=bulk | latency=0.70s | caption='a rhino and a rhino in a field'
2026-03-22 15:13:53 | INFO     | image_captioning | Generating caption | mode=bulk
2026-03-22 15:13:53 | INFO     | image_captioning | Caption generated | mode=bulk | latency=0.66s | caption='a zebra standing in a field of grass'
2026-03-22 15:13:53 | INFO     | image_captioning | Generating caption | mode=bulk
2026-03-22 15:13:54 | INFO     | image_captioning | Caption generated | mode=bulk | latency=0.45s | caption='a green field'
2026-03-22 15:13:54 | INFO     | image_captioning | Generating caption | mode=bulk
2026-03-22 15:13:54 | INFO     | image_captioning | Caption generated | mode=bulk | latency=0.60s | caption='a parrot sitting on a branch'
2026-03-22 15:13:54 | INFO     | image_captioning | Bulk upload complete | success=9/9 | session=d74c4388
2026-03-22 16:08:54 | INFO     | image_captioning | Single image upload | size=11.4KB | session=d74c4388
2026-03-22 16:08:54 | INFO     | image_captioning | Generating caption | mode=single
2026-03-22 16:08:55 | INFO     | image_captioning | Caption generated | mode=single | latency=0.91s | caption='a zebra standing in a field of grass'
2026-03-22 16:08:58 | INFO     | image_captioning | Single image upload | size=6.4KB | session=d74c4388
2026-03-22 16:08:58 | INFO     | image_captioning | Generating caption | mode=single
2026-03-22 16:08:59 | INFO     | image_captioning | Caption generated | mode=single | latency=0.60s | caption='a green field'
2026-03-22 16:09:01 | INFO     | image_captioning | Single image upload | size=7.5KB | session=d74c4388
2026-03-22 16:09:01 | INFO     | image_captioning | Generating caption | mode=single
2026-03-22 16:09:02 | INFO     | image_captioning | Caption generated | mode=single | latency=0.85s | caption='a lion walking across a dirt field'
2026-03-22 16:09:05 | INFO     | image_captioning | Single image upload | size=11.4KB | session=d74c4388
2026-03-22 16:09:05 | INFO     | image_captioning | Generating caption | mode=single
2026-03-22 16:09:06 | INFO     | image_captioning | Caption generated | mode=single | latency=0.84s | caption='an elephant standing in the grass'
2026-03-22 16:09:08 | INFO     | image_captioning | Single image upload | size=9.7KB | session=d74c4388
2026-03-22 16:09:08 | INFO     | image_captioning | Generating caption | mode=single
2026-03-22 16:09:09 | INFO     | image_captioning | Caption generated | mode=single | latency=0.93s | caption='a rhino and a rhino in a field'
2026-03-22 16:10:13 | INFO     | image_captioning | Bulk upload started | total=9 images | session=d74c4388
2026-03-22 16:10:13 | INFO     | image_captioning | Generating caption | mode=bulk
2026-03-22 16:10:15 | INFO     | image_captioning | Caption generated | mode=bulk | latency=1.93s | caption='a gi gi gi gi gi gi gi gi gi gi gi gi gi gi gi gi gi gi gi gi gi gi gi gi gi gi gi'
2026-03-22 16:10:15 | INFO     | image_captioning | Generating caption | mode=bulk
2026-03-22 16:10:15 | INFO     | image_captioning | Caption generated | mode=bulk | latency=0.59s | caption='an elephant standing in the grass'
2026-03-22 16:10:15 | INFO     | image_captioning | Generating caption | mode=bulk
2026-03-22 16:10:16 | INFO     | image_captioning | Caption generated | mode=bulk | latency=0.63s | caption='a lion walking across a dirt field'
2026-03-22 16:10:16 | INFO     | image_captioning | Generating caption | mode=bulk
2026-03-22 16:10:17 | INFO     | image_captioning | Caption generated | mode=bulk | latency=0.54s | caption='a group of deers'
2026-03-22 16:10:17 | INFO     | image_captioning | Generating caption | mode=bulk
2026-03-22 16:10:18 | INFO     | image_captioning | Caption generated | mode=bulk | latency=1.31s | caption='a bob bob bob bob bob bob bob bob bob bob bob bob bob bob bob bob bob bob bob bob'
2026-03-22 16:10:18 | INFO     | image_captioning | Generating caption | mode=bulk
2026-03-22 16:10:19 | INFO     | image_captioning | Caption generated | mode=bulk | latency=0.69s | caption='a rhino and a rhino in a field'
2026-03-22 16:10:19 | INFO     | image_captioning | Generating caption | mode=bulk
2026-03-22 16:10:19 | INFO     | image_captioning | Caption generated | mode=bulk | latency=0.70s | caption='a zebra standing in a field of grass'
2026-03-22 16:10:19 | INFO     | image_captioning | Generating caption | mode=bulk
2026-03-22 16:10:20 | INFO     | image_captioning | Caption generated | mode=bulk | latency=0.44s | caption='a green field'
2026-03-22 16:10:20 | INFO     | image_captioning | Generating caption | mode=bulk
2026-03-22 16:10:20 | INFO     | image_captioning | Caption generated | mode=bulk | latency=0.59s | caption='a parrot sitting on a branch'
2026-03-22 16:10:20 | INFO     | image_captioning | Bulk upload complete | success=9/9 | session=d74c4388
2026-03-22 16:25:09 | INFO     | image_captioning | Single image upload | size=7.5KB | session=d74c4388
2026-03-22 16:25:09 | INFO     | image_captioning | Generating caption | mode=single
2026-03-22 16:25:10 | INFO     | image_captioning | Caption generated | mode=single | latency=1.12s | caption='a lion walking across a dirt field'
2026-03-22 16:25:25 | INFO     | image_captioning | Bulk upload started | total=9 images | session=d74c4388
2026-03-22 16:25:25 | INFO     | image_captioning | Generating caption | mode=bulk
2026-03-22 16:25:27 | INFO     | image_captioning | Caption generated | mode=bulk | latency=2.35s | caption='a gi gi gi gi gi gi gi gi gi gi gi gi gi gi gi gi gi gi gi gi gi gi gi gi gi gi gi'
2026-03-22 16:25:27 | INFO     | image_captioning | Generating caption | mode=bulk
2026-03-22 16:25:28 | INFO     | image_captioning | Caption generated | mode=bulk | latency=0.77s | caption='an elephant standing in the grass'
2026-03-22 16:25:28 | INFO     | image_captioning | Generating caption | mode=bulk
2026-03-22 16:25:29 | INFO     | image_captioning | Caption generated | mode=bulk | latency=0.82s | caption='a lion walking across a dirt field'
2026-03-22 16:25:29 | INFO     | image_captioning | Generating caption | mode=bulk
2026-03-22 16:25:30 | INFO     | image_captioning | Caption generated | mode=bulk | latency=0.69s | caption='a group of deers'
2026-03-22 16:25:30 | INFO     | image_captioning | Generating caption | mode=bulk
2026-03-22 16:25:31 | INFO     | image_captioning | Caption generated | mode=bulk | latency=1.55s | caption='a bob bob bob bob bob bob bob bob bob bob bob bob bob bob bob bob bob bob bob bob'
2026-03-22 16:25:31 | INFO     | image_captioning | Generating caption | mode=bulk
2026-03-22 16:25:32 | INFO     | image_captioning | Caption generated | mode=bulk | latency=0.89s | caption='a rhino and a rhino in a field'
2026-03-22 16:25:32 | INFO     | image_captioning | Generating caption | mode=bulk
2026-03-22 16:25:33 | INFO     | image_captioning | Caption generated | mode=bulk | latency=0.88s | caption='a zebra standing in a field of grass'
2026-03-22 16:25:33 | INFO     | image_captioning | Generating caption | mode=bulk
2026-03-22 16:25:34 | INFO     | image_captioning | Caption generated | mode=bulk | latency=0.62s | caption='a green field'
2026-03-22 16:25:34 | INFO     | image_captioning | Generating caption | mode=bulk
2026-03-22 16:25:34 | INFO     | image_captioning | Caption generated | mode=bulk | latency=0.78s | caption='a parrot sitting on a branch'
2026-03-22 16:25:34 | INFO     | image_captioning | Bulk upload complete | success=9/9 | session=d74c4388
