
Model Version: v2
Model File: models\model_v2.pkl
Metadata File: models\v2_metadata.json
Training Accuracy: 0.9946
Git Commit: ce42766223a24178edda41a025bc1fb73a135f9a
Training Date: 2026-02-14 16:55:05
------------------------------------------------------------

Model Version: v3
Model File: models\model_v3.pkl
Metadata File: models\v3_metadata.json
Training Accuracy: 0.9946
Git Commit: f430b1eda163259466e6f8fbc2932f84476d23ab
Training Date: 2026-02-15 09:51:23
------------------------------------------------------------

Model Version: v4
Model File: models\model_v4.pkl
Metadata File: models\v4_metadata.json
Training Accuracy: 0.9709
Git Commit: 064e3d1c0b966309a7055c7a33305a28a644ee0b
Training Date: 2026-02-15 12:23:55
------------------------------------------------------------

Model Version: v5
Model File: models\model_v5.pkl
Metadata File: models\v5_metadata.json
Training Accuracy: 0.9709
Git Commit: da2f2fc3882153670b491dd11862246e237f79a7
Training Date: 2026-02-15 15:42:24
------------------------------------------------------------

Model Version: v6
Model File: models\model_v6.pkl
Metadata File: models\v6_metadata.json
Training Accuracy: 0.9946
Git Commit: b763c6baa83404d856aa2d13ef138906a9682110
Training Date: 2026-02-15 16:13:26
------------------------------------------------------------
